Copyright 1986-2018 Xilinx, Inc. All Rights Reserved.
-------------------------------------------------------------------------------------------------------------------------------------------------------
| Tool Version     : Vivado v.2018.1 (win64) Build 2188600 Wed Apr  4 18:40:38 MDT 2018
| Date             : Fri Nov 16 22:15:00 2018
| Host             : LAPTOP-H3O5FJQC running 64-bit major release  (build 9200)
| Command          : report_power -file Display_CPU_power_routed.rpt -pb Display_CPU_power_summary_routed.pb -rpx Display_CPU_power_routed.rpx
| Design           : Display_CPU
| Device           : xc7a35tcpg236-1
| Design State     : routed
| Grade            : commercial
| Process          : typical
| Characterization : Production
-------------------------------------------------------------------------------------------------------------------------------------------------------

Power Report

Table of Contents
-----------------
1. Summary
1.1 On-Chip Components
1.2 Power Supply Summary
1.3 Confidence Level
2. Settings
2.1 Environment
2.2 Clock Constraints
3. Detailed Reports
3.1 By Hierarchy

1. Summary
----------

+--------------------------+----------------------------------+
| Total On-Chip Power (W)  | 86.333 (Junction temp exceeded!) |
| Design Power Budget (W)  | Unspecified*                     |
| Power Budget Margin (W)  | NA                               |
| Dynamic (W)              | 85.847                           |
| Device Static (W)        | 0.486                            |
| Effective TJA (C/W)      | 5.0                              |
| Max Ambient (C)          | 0.0                              |
| Junction Temperature (C) | 125.0                            |
| Confidence Level         | Low                              |
| Setting File             | ---                              |
| Simulation Activity File | ---                              |
| Design Nets Matched      | NA                               |
+--------------------------+----------------------------------+
* Specify Design Power Budget using, set_operating_conditions -design_power_budget <value in Watts>


1.1 On-Chip Components
----------------------

+--------------------------+-----------+----------+-----------+-----------------+
| On-Chip                  | Power (W) | Used     | Available | Utilization (%) |
+--------------------------+-----------+----------+-----------+-----------------+
| Slice Logic              |    28.598 |     2522 |       --- |             --- |
|   LUT as Logic           |    27.616 |     1570 |     20800 |            7.55 |
|   LUT as Distributed RAM |     0.606 |       48 |      9600 |            0.50 |
|   F7/F8 Muxes            |     0.181 |       85 |     32600 |            0.26 |
|   CARRY4                 |     0.151 |       29 |      8150 |            0.36 |
|   Register               |     0.033 |      581 |     41600 |            1.40 |
|   BUFG                   |     0.012 |        3 |        32 |            9.38 |
|   Others                 |     0.000 |       14 |       --- |             --- |
| Signals                  |    30.859 |     2193 |       --- |             --- |
| I/O                      |    26.389 |       17 |       106 |           16.04 |
| Static Power             |     0.486 |          |           |                 |
| Total                    |    86.333 |          |           |                 |
+--------------------------+-----------+----------+-----------+-----------------+


1.2 Power Supply Summary
------------------------

+-----------+-------------+-----------+-------------+------------+
| Source    | Voltage (V) | Total (A) | Dynamic (A) | Static (A) |
+-----------+-------------+-----------+-------------+------------+
| Vccint    |       1.000 |    59.814 |      59.473 |      0.341 |
| Vccaux    |       1.800 |     1.020 |       0.966 |      0.053 |
| Vcco33    |       3.300 |     7.466 |       7.465 |      0.001 |
| Vcco25    |       2.500 |     0.000 |       0.000 |      0.000 |
| Vcco18    |       1.800 |     0.000 |       0.000 |      0.000 |
| Vcco15    |       1.500 |     0.000 |       0.000 |      0.000 |
| Vcco135   |       1.350 |     0.000 |       0.000 |      0.000 |
| Vcco12    |       1.200 |     0.000 |       0.000 |      0.000 |
| Vccaux_io |       1.800 |     0.000 |       0.000 |      0.000 |
| Vccbram   |       1.000 |     0.010 |       0.000 |      0.010 |
| MGTAVcc   |       1.000 |     0.000 |       0.000 |      0.000 |
| MGTAVtt   |       1.200 |     0.000 |       0.000 |      0.000 |
| Vccadc    |       1.800 |     0.020 |       0.000 |      0.020 |
+-----------+-------------+-----------+-------------+------------+


1.3 Confidence Level
--------------------

+-----------------------------+------------+--------------------------------------------------------+--------------------------------------------------------------------------------------------------------------------+
| User Input Data             | Confidence | Details                                                | Action                                                                                                             |
+-----------------------------+------------+--------------------------------------------------------+--------------------------------------------------------------------------------------------------------------------+
| Design implementation state | High       | Design is routed                                       |                                                                                                                    |
| Clock nodes activity        | Low        | User specified less than 75% of clocks                 | Provide missing clock activity with a constraint file, simulation results or by editing the "By Clock Domain" view |
| I/O nodes activity          | Low        | More than 75% of inputs are missing user specification | Provide missing input activity with simulation results or by editing the "By Resource Type -> I/Os" view           |
| Internal nodes activity     | Medium     | User specified less than 25% of internal nodes         | Provide missing internal nodes activity with simulation results or by editing the "By Resource Type" views         |
| Device models               | High       | Device models are Production                           |                                                                                                                    |
|                             |            |                                                        |                                                                                                                    |
| Overall confidence level    | Low        |                                                        |                                                                                                                    |
+-----------------------------+------------+--------------------------------------------------------+--------------------------------------------------------------------------------------------------------------------+


2. Settings
-----------

2.1 Environment
---------------

+-----------------------+--------------------------+
| Ambient Temp (C)      | 25.0                     |
| ThetaJA (C/W)         | 5.0                      |
| Airflow (LFM)         | 250                      |
| Heat Sink             | medium (Medium Profile)  |
| ThetaSA (C/W)         | 4.6                      |
| Board Selection       | medium (10"x10")         |
| # of Board Layers     | 12to15 (12 to 15 Layers) |
| Board Temperature (C) | 25.0                     |
+-----------------------+--------------------------+


2.2 Clock Constraints
---------------------

+-------+--------+-----------------+
| Clock | Domain | Constraint (ns) |
+-------+--------+-----------------+


3. Detailed Reports
-------------------

3.1 By Hierarchy
----------------

+---------------------------------+-----------+
| Name                            | Power (W) |
+---------------------------------+-----------+
| Display_CPU                     |    85.847 |
|   as                            |     0.111 |
|   divider                       |     0.071 |
|   show                          |     0.491 |
|   uut                           |    58.682 |
|     alu                         |     0.896 |
|     dataMemory                  |    13.830 |
|     pc                          |    40.488 |
|     pc4                         |     0.125 |
|     regfile                     |     3.343 |
|       regFile_reg_r1_0_31_0_5   |     0.138 |
|       regFile_reg_r1_0_31_12_17 |     0.155 |
|       regFile_reg_r1_0_31_18_23 |     0.165 |
|       regFile_reg_r1_0_31_24_29 |     0.130 |
|       regFile_reg_r1_0_31_30_31 |     0.040 |
|       regFile_reg_r1_0_31_6_11  |     0.176 |
|       regFile_reg_r2_0_31_0_5   |     0.235 |
|       regFile_reg_r2_0_31_12_17 |     0.165 |
|       regFile_reg_r2_0_31_18_23 |     0.154 |
|       regFile_reg_r2_0_31_24_29 |     0.187 |
|       regFile_reg_r2_0_31_30_31 |     0.059 |
|       regFile_reg_r2_0_31_6_11  |     0.197 |
+---------------------------------+-----------+


